02:45:30 ALERT Rendered / after 26 ms
02:45:34 ALERT Rendered / after 62 ms
03:13:26 ALERT Rendered / after 24 ms
03:13:26 ALERT Rendered /not/found after 39 ms
03:13:26 ALERT Rendered /yawf/styles/base.css after 61 ms
03:13:26 ALERT Rendered /not/found after 28 ms
03:13:26 ALERT Rendered /yawf/scripts/ext-core.js after 74 ms
03:13:27 ALERT Rendered /not/found after 36 ms
03:13:27 ALERT Rendered /yawf/images/yawf-240x50.png after 58 ms
03:16:57 ALERT Rendered / after 30 ms
03:16:59 ALERT Rendered /project/download after 20 ms
03:16:59 ALERT Rendered /not/found after 17 ms
03:16:59 ALERT Rendered /project/scripts/ext-core.js after 45 ms
03:17:01 ALERT Rendered /project/reference after 31 ms
03:17:01 ALERT Rendered /not/found after 16 ms
03:17:01 ALERT Rendered /project/scripts/ext-core.js after 37 ms
03:17:02 ALERT Rendered /project/cookbook after 33 ms
03:17:02 ALERT Rendered /not/found after 33 ms
03:17:02 ALERT Rendered /project/scripts/ext-core.js after 51 ms
03:17:04 ALERT Rendered /project/forum after 31 ms
03:17:04 ALERT Rendered /not/found after 16 ms
03:17:04 ALERT Rendered /project/scripts/ext-core.js after 42 ms
03:17:05 ALERT Rendered /project/faq after 35 ms
03:17:05 ALERT Rendered /not/found after 21 ms
03:17:05 ALERT Rendered /project/scripts/ext-core.js after 42 ms
03:17:06 ALERT Rendered /project/news after 22 ms
03:17:06 ALERT Rendered /not/found after 16 ms
03:17:06 ALERT Rendered /project/scripts/ext-core.js after 43 ms
03:17:07 ALERT Rendered /default after 21 ms
03:17:17 ALERT Rendered /project/terms after 18 ms
03:17:17 ALERT Rendered /not/found after 17 ms
03:17:17 ALERT Rendered /project/scripts/ext-core.js after 38 ms
03:17:20 ALERT Rendered /project/contact after 38 ms
03:17:20 ALERT Rendered /not/found after 15 ms
03:17:20 ALERT Rendered /project/scripts/ext-core.js after 35 ms
03:17:28 ALERT Rendered /project/download after 34 ms
03:17:28 ALERT Rendered /not/found after 16 ms
03:17:28 ALERT Rendered /project/scripts/ext-core.js after 55 ms
03:17:30 ALERT Rendered /project/reference after 17 ms
03:17:30 ALERT Rendered /not/found after 15 ms
03:17:30 ALERT Rendered /project/scripts/ext-core.js after 44 ms
03:17:31 ALERT Rendered /project/cookbook after 29 ms
03:17:31 ALERT Rendered /not/found after 15 ms
03:17:31 ALERT Rendered /project/scripts/ext-core.js after 45 ms
03:17:32 ALERT Rendered /project/forum after 18 ms
03:17:32 ALERT Rendered /not/found after 16 ms
03:17:32 ALERT Rendered /project/scripts/ext-core.js after 39 ms
03:17:34 ALERT Rendered /project/faq after 23 ms
03:17:34 ALERT Rendered /not/found after 16 ms
03:17:34 ALERT Rendered /project/scripts/ext-core.js after 34 ms
03:17:38 ALERT Rendered /project/news after 42 ms
03:17:38 ALERT Rendered /not/found after 15 ms
03:17:38 ALERT Rendered /project/scripts/ext-core.js after 40 ms
03:20:28 TEST controller: Lib_controller
03:20:28 TEST method: setup_for_app_test()
03:20:28 TEST failed: Should handle exception "Unknown method setup_for_app() called"
